<?xml version="1.0" encoding="UTF-8"?>
<testng-results ignored="0" total="1" passed="1" failed="0" skipped="0">
  <reporter-output>
  </reporter-output>
  <suite started-at="2023-11-22T17:08:42 IST" name="Default suite" finished-at="2023-11-22T17:08:46 IST" duration-ms="4310">
    <groups>
    </groups>
    <test started-at="2023-11-22T17:08:42 IST" name="Default test" finished-at="2023-11-22T17:08:46 IST" duration-ms="4310">
      <class name="org.prac.testcases.LoginPage">
        <test-method signature="LoginFunction()[pri:0, instance:org.prac.testcases.LoginPage@72967906]" started-at="2023-11-22T17:08:42 IST" name="LoginFunction" finished-at="2023-11-22T17:08:46 IST" duration-ms="4244" status="PASS">
          <reporter-output>
          </reporter-output>
        </test-method> <!-- LoginFunction -->
      </class> <!-- org.prac.testcases.LoginPage -->
    </test> <!-- Default test -->
  </suite> <!-- Default suite -->
</testng-results>
