<?xml version="1.0" encoding="UTF-8"?>
<testng-results ignored="0" total="1" passed="1" failed="0" skipped="0">
  <reporter-output>
  </reporter-output>
  <suite started-at="2023-11-23T00:10:25 IST" name="Default suite" finished-at="2023-11-23T00:10:30 IST" duration-ms="4598">
    <groups>
    </groups>
    <test started-at="2023-11-23T00:10:25 IST" name="Default test" finished-at="2023-11-23T00:10:30 IST" duration-ms="4598">
      <class name="org.prac.testcases.LoginPage">
        <test-method is-config="true" signature="startingPoint()[pri:0, instance:org.prac.testcases.LoginPage@74235045]" started-at="2023-11-23T00:10:25 IST" name="startingPoint" finished-at="2023-11-23T00:10:29 IST" duration-ms="4038" status="PASS">
          <reporter-output>
          </reporter-output>
        </test-method> <!-- startingPoint -->
        <test-method signature="LoginCredntialsInvalidAndValidCases()[pri:0, instance:org.prac.testcases.LoginPage@74235045]" started-at="2023-11-23T00:10:30 IST" name="LoginCredntialsInvalidAndValidCases" finished-at="2023-11-23T00:10:30 IST" duration-ms="341" status="PASS">
          <reporter-output>
          </reporter-output>
        </test-method> <!-- LoginCredntialsInvalidAndValidCases -->
        <test-method is-config="true" signature="endingPoint()[pri:0, instance:org.prac.testcases.LoginPage@74235045]" started-at="2023-11-23T00:10:30 IST" name="endingPoint" finished-at="2023-11-23T00:10:30 IST" duration-ms="158" status="PASS">
          <reporter-output>
          </reporter-output>
        </test-method> <!-- endingPoint -->
      </class> <!-- org.prac.testcases.LoginPage -->
    </test> <!-- Default test -->
  </suite> <!-- Default suite -->
</testng-results>
