<?xml version="1.0" encoding="UTF-8"?>
<!-- Generated by org.testng.reporters.JUnitXMLReporter -->
<testsuite ignored="2" hostname="Sasikumar" failures="0" tests="1" name="Default test" time="4.804" errors="0" timestamp="2023-11-23T01:06:21 IST">
  <testcase classname="org.prac.testcases.LoginPage" name="HomePageTest" time="1.194"/>
  <testcase classname="org.prac.testcases.LoginPage" name="LoginFunction" time="0.0">
    <ignored/>
  </testcase> <!-- LoginFunction -->
  <testcase classname="org.prac.testcases.LoginPage" name="LoginCredntialsInvalidAndValidCases" time="0.0">
    <ignored/>
  </testcase> <!-- LoginCredntialsInvalidAndValidCases -->
</testsuite> <!-- Default test -->
